2024-12-23T11:13:56.073Z error: Error Malumotlari
2024-12-23T11:14:04.206Z info: Log Malumotlari
2024-12-23T11:14:04.212Z error: Error Malumotlari
2024-12-23T11:14:04.214Z warn: warn Malumotlari
2024-12-23T11:14:04.214Z info: info Malumotlari
2024-12-23T11:15:11.921Z info: Log Malumotlari
2024-12-23T11:15:11.949Z error: Error Malumotlari
2024-12-23T11:15:11.982Z warn: warn Malumotlari
2024-12-23T11:15:11.986Z info: info Malumotlari
2024-12-23T11:15:27.386Z info: Log Malumotlari
2024-12-23T11:15:27.392Z error: Error Malumotlari
2024-12-23T11:15:27.393Z warn: warn Malumotlari
2024-12-23T11:15:27.394Z info: info Malumotlari
2024-12-23T11:15:39.499Z info: Log Malumotlari
2024-12-23T11:15:39.504Z error: Error Malumotlari
2024-12-23T11:15:39.505Z warn: warn Malumotlari
2024-12-23T11:15:39.506Z info: info Malumotlari
2024-12-23T11:16:52.903Z info: Log Malumotlari
2024-12-23T11:16:52.910Z error: Error Malumotlari
2024-12-23T11:16:52.911Z warn: warn Malumotlari
2024-12-23T11:16:52.912Z info: info Malumotlari
2024-12-23T11:16:56.907Z info: Log Malumotlari
2024-12-23T11:16:56.915Z error: Error Malumotlari
2024-12-23T11:16:56.917Z warn: warn Malumotlari
2024-12-23T11:16:56.917Z info: info Malumotlari
2024-12-23T11:17:18.981Z info: Log Malumotlari
2024-12-23T11:17:18.989Z error: Error Malumotlari
2024-12-23T11:17:18.992Z warn: warn Malumotlari
2024-12-23T11:17:18.992Z info: info Malumotlari
2024-12-23T11:17:22.118Z info: Log Malumotlari
2024-12-23T11:17:22.127Z error: Error Malumotlari
2024-12-23T11:17:22.128Z warn: warn Malumotlari
2024-12-23T11:17:22.129Z info: info Malumotlari
2024-12-23T11:17:44.058Z info: Log Malumotlari
2024-12-23T11:17:44.063Z error: Error Malumotlari
2024-12-23T11:17:44.064Z warn: warn Malumotlari
2024-12-23T11:17:44.064Z info: info Malumotlari
2024-12-23T11:17:59.350Z info: Log Malumotlari
2024-12-23T11:17:59.356Z error: Error Malumotlari
2024-12-23T11:17:59.357Z warn: warn Malumotlari
2024-12-23T11:17:59.358Z info: info Malumotlari
2024-12-23T11:20:02.851Z info: Log Malumotlari
2024-12-23T11:20:02.861Z error: Error Malumotlari
2024-12-23T11:20:02.864Z warn: warn Malumotlari
2024-12-23T11:20:02.865Z info: info Malumotlari
2024-12-23T11:20:08.636Z info: Log Malumotlari
2024-12-23T11:20:08.652Z error: Error Malumotlari
2024-12-23T11:20:08.653Z warn: warn Malumotlari
2024-12-23T11:20:08.654Z info: info Malumotlari
2024-12-23T11:20:26.698Z info: Log Malumotlari
2024-12-23T11:20:26.709Z error: Error Malumotlari
2024-12-23T11:20:26.711Z warn: warn Malumotlari
2024-12-23T11:20:26.715Z info: info Malumotlari
2024-12-23T11:20:40.158Z info: Log Malumotlari
2024-12-23T11:20:40.165Z error: Error Malumotlari
2024-12-23T11:20:40.166Z warn: warn Malumotlari
2024-12-23T11:20:40.167Z info: info Malumotlari
2024-12-23T11:20:48.552Z info: Log Malumotlari
2024-12-23T11:20:48.558Z error: Error Malumotlari
2024-12-23T11:20:48.559Z warn: warn Malumotlari
2024-12-23T11:20:48.559Z info: info Malumotlari
2024-12-23T11:20:58.288Z info: Log Malumotlari
2024-12-23T11:20:58.295Z error: Error Malumotlari
2024-12-23T11:20:58.296Z warn: warn Malumotlari
2024-12-23T11:20:58.296Z info: info Malumotlari
2024-12-23T11:21:08.022Z info: Log Malumotlari
2024-12-23T11:21:08.029Z error: Error Malumotlari
2024-12-23T11:21:08.031Z warn: warn Malumotlari
2024-12-23T11:21:08.031Z info: info Malumotlari
2024-12-23T11:21:38.768Z info: Log Malumotlari
2024-12-23T11:21:38.774Z error: Error Malumotlari
2024-12-23T11:21:38.776Z warn: warn Malumotlari
2024-12-23T11:21:38.776Z info: info Malumotlari
2024-12-23T11:21:44.054Z info: Log Malumotlari
2024-12-23T11:21:44.062Z error: Error Malumotlari
2024-12-23T11:21:44.063Z warn: warn Malumotlari
2024-12-23T11:21:44.064Z info: info Malumotlari
2024-12-23T11:25:37.214Z error: Expected ',' or '}' after property value in JSON at position 47
2024-12-23T11:25:42.467Z info: Log Malumotlari
2024-12-23T11:25:42.474Z error: Error Malumotlari
2024-12-23T11:25:42.475Z warn: warn Malumotlari
2024-12-23T11:25:42.475Z info: info Malumotlari
2024-12-23T11:32:28.950Z info: Log Malumotlari
2024-12-23T11:32:28.956Z error: Error Malumotlari
2024-12-23T11:32:28.957Z warn: warn Malumotlari
2024-12-23T11:32:28.957Z info: info Malumotlari
2024-12-23T11:33:42.358Z info: Log Malumotlari
2024-12-23T11:33:42.366Z error: Error Malumotlari
2024-12-23T11:33:42.367Z warn: warn Malumotlari
2024-12-23T11:33:42.368Z info: info Malumotlari
2024-12-23T11:34:13.029Z info: Log Malumotlari
2024-12-23T11:34:13.035Z error: Error Malumotlari
2024-12-23T11:34:13.037Z warn: warn Malumotlari
2024-12-23T11:34:13.037Z info: info Malumotlari
2024-12-23T11:38:04.662Z error: Expected ',' or '}' after property value in JSON at position 47
2024-12-23T11:38:39.478Z info: Log Malumotlari
2024-12-23T11:38:39.484Z error: Error Malumotlari
2024-12-23T11:38:39.485Z warn: warn Malumotlari
2024-12-23T11:38:39.485Z info: info Malumotlari
2024-12-23T11:39:04.066Z info: Log Malumotlari
2024-12-23T11:39:04.072Z error: Error Malumotlari
2024-12-23T11:39:04.073Z warn: warn Malumotlari
2024-12-23T11:39:04.074Z info: info Malumotlari
2024-12-23T11:43:49.242Z info: Log Malumotlari
2024-12-23T11:43:49.248Z error: Error Malumotlari
2024-12-23T11:43:49.253Z warn: warn Malumotlari
2024-12-23T11:43:49.254Z info: info Malumotlari
2024-12-23T11:44:32.465Z info: Log Malumotlari
2024-12-23T11:44:32.471Z error: Error Malumotlari
2024-12-23T11:44:32.472Z warn: warn Malumotlari
2024-12-23T11:44:32.472Z info: info Malumotlari
2024-12-23T11:44:48.319Z info: Log Malumotlari
2024-12-23T11:44:48.327Z error: Error Malumotlari
2024-12-23T11:44:48.328Z warn: warn Malumotlari
2024-12-23T11:44:48.329Z info: info Malumotlari
2024-12-23T11:48:14.268Z info: Log Malumotlari
2024-12-23T11:48:14.273Z error: Error Malumotlari
2024-12-23T11:48:14.274Z warn: warn Malumotlari
2024-12-23T11:48:14.275Z info: info Malumotlari
2024-12-23T11:48:25.271Z error: Expected ',' or '}' after property value in JSON at position 47
2024-12-24T08:59:46.378Z info: Log Malumotlari
2024-12-24T08:59:46.384Z error: Error Malumotlari
2024-12-24T08:59:46.385Z warn: warn Malumotlari
2024-12-24T08:59:46.386Z info: info Malumotlari
2024-12-25T07:48:35.620Z error: Missing helper: "forEach"
2024-12-25T07:53:48.996Z error: unhandledRejection: callback is not a function
TypeError: callback is not a function
    at ExpressHandlebars.<anonymous> (C:\Users\Avrora\Desktop\ITINFO\node_modules\express-handlebars\dist\express-handlebars.js:221:17)
    at Generator.next (<anonymous>)
    at fulfilled (C:\Users\Avrora\Desktop\ITINFO\node_modules\express-handlebars\dist\express-handlebars.js:10:58)
2024-12-25T08:01:27.563Z error: unhandledRejection: mavzular.json is not a function
TypeError: mavzular.json is not a function
    at C:\Users\Avrora\Desktop\ITINFO\routes\view.routes.js:21:33
    at process.processTicksAndRejections (node:internal/process/task_queues:95:5)
2024-12-25T09:10:43.925Z error: E11000 duplicate key error collection: test.authors index: email_1 dup key: { email: "odiljonovmuhammadali742@gmail.com" }
2024-12-25T19:42:02.318Z error: Cannot read properties of null (reading 'password')
2024-12-25T19:44:26.925Z error: Cannot read properties of null (reading 'password')
2024-12-25T19:48:11.061Z error: Cannot read properties of null (reading 'password')
2024-12-26T08:58:39.911Z error: read ECONNRESET
2024-12-26T08:58:46.437Z error: read ECONNRESET
2024-12-26T09:01:51.906Z error: read ECONNRESET
2024-12-26T12:19:07.733Z error: Cannot read properties of null (reading 'password')
2024-12-26T12:19:17.023Z error: Cannot read properties of null (reading 'password')
2024-12-26T12:20:26.692Z error: Cannot read properties of null (reading 'password')
2024-12-26T12:22:56.650Z error: Cannot read properties of null (reading 'password')
2024-12-26T12:36:13.404Z error: Cannot set headers after they are sent to the client
2024-12-26T12:58:54.335Z error: read ECONNRESET
2024-12-26T12:58:56.422Z error: read ECONNRESET
2024-12-26T12:58:56.933Z error: read ECONNRESET
2024-12-26T12:58:57.883Z error: read ECONNRESET
2024-12-26T12:59:04.157Z error: read ECONNRESET
